{"/Users/feliperohde/Desktop/workspace/smallorange-light-store/index.spec.js":{"path":"/Users/feliperohde/Desktop/workspace/smallorange-light-store/index.spec.js","s":{"1":1,"2":1,"3":1,"4":1,"5":1,"6":1,"7":1,"8":1,"9":0,"10":0,"11":0,"12":0,"13":0,"14":0,"15":0,"16":0,"17":0,"18":0,"19":0,"20":0,"21":0,"22":0,"23":0,"24":0,"25":0,"26":0,"27":0,"28":0,"29":0,"30":0,"31":0,"32":0,"33":0,"34":0,"35":0,"36":0,"37":0,"38":0,"39":0,"40":0,"41":0,"42":0,"43":0,"44":0,"45":0,"46":0,"47":0,"48":0,"49":0,"50":0,"51":0,"52":0,"53":0,"54":0},"b":{"1":[0,0]},"f":{},"fnMap":{},"statementMap":{"1":{"start":{"line":1,"column":0},"end":{"line":1,"column":28}},"2":{"start":{"line":2,"column":0},"end":{"line":2,"column":29}},"3":{"start":{"line":3,"column":0},"end":{"line":3,"column":31}},"4":{"start":{"line":4,"column":0},"end":{"line":4,"column":40}},"5":{"start":{"line":6,"column":0},"end":{"line":6,"column":28}},"6":{"start":{"line":8,"column":0},"end":{"line":8,"column":20}},"7":{"start":{"line":10,"column":0},"end":{"line":10,"column":27}},"8":{"start":{"line":12,"column":0},"end":{"line":137,"column":3}},"9":{"start":{"line":13,"column":1},"end":{"line":13,"column":11}},"10":{"start":{"line":15,"column":1},"end":{"line":17,"column":4}},"11":{"start":{"line":16,"column":2},"end":{"line":16,"column":22}},"12":{"start":{"line":19,"column":1},"end":{"line":33,"column":4}},"13":{"start":{"line":20,"column":2},"end":{"line":22,"column":5}},"14":{"start":{"line":21,"column":3},"end":{"line":21,"column":41}},"15":{"start":{"line":24,"column":2},"end":{"line":32,"column":5}},"16":{"start":{"line":25,"column":3},"end":{"line":27,"column":6}},"17":{"start":{"line":29,"column":3},"end":{"line":31,"column":6}},"18":{"start":{"line":35,"column":1},"end":{"line":126,"column":4}},"19":{"start":{"line":36,"column":2},"end":{"line":38,"column":5}},"20":{"start":{"line":37,"column":3},"end":{"line":37,"column":31}},"21":{"start":{"line":40,"column":2},"end":{"line":42,"column":5}},"22":{"start":{"line":41,"column":3},"end":{"line":41,"column":27}},"23":{"start":{"line":44,"column":2},"end":{"line":56,"column":5}},"24":{"start":{"line":45,"column":3},"end":{"line":47,"column":6}},"25":{"start":{"line":49,"column":3},"end":{"line":51,"column":6}},"26":{"start":{"line":53,"column":3},"end":{"line":55,"column":6}},"27":{"start":{"line":58,"column":2},"end":{"line":84,"column":5}},"28":{"start":{"line":59,"column":3},"end":{"line":61,"column":6}},"29":{"start":{"line":63,"column":3},"end":{"line":65,"column":12}},"30":{"start":{"line":67,"column":3},"end":{"line":69,"column":20}},"31":{"start":{"line":71,"column":3},"end":{"line":73,"column":6}},"32":{"start":{"line":75,"column":3},"end":{"line":78,"column":6}},"33":{"start":{"line":80,"column":3},"end":{"line":83,"column":6}},"34":{"start":{"line":86,"column":2},"end":{"line":95,"column":5}},"35":{"start":{"line":87,"column":3},"end":{"line":89,"column":6}},"36":{"start":{"line":91,"column":3},"end":{"line":91,"column":35}},"37":{"start":{"line":92,"column":3},"end":{"line":92,"column":39}},"38":{"start":{"line":94,"column":3},"end":{"line":94,"column":60}},"39":{"start":{"line":97,"column":2},"end":{"line":111,"column":5}},"40":{"start":{"line":98,"column":3},"end":{"line":100,"column":6}},"41":{"start":{"line":102,"column":3},"end":{"line":104,"column":6}},"42":{"start":{"line":106,"column":3},"end":{"line":106,"column":35}},"43":{"start":{"line":107,"column":3},"end":{"line":107,"column":40}},"44":{"start":{"line":108,"column":3},"end":{"line":110,"column":6}},"45":{"start":{"line":113,"column":2},"end":{"line":125,"column":5}},"46":{"start":{"line":114,"column":3},"end":{"line":116,"column":6}},"47":{"start":{"line":118,"column":3},"end":{"line":120,"column":20}},"48":{"start":{"line":122,"column":3},"end":{"line":122,"column":50}},"49":{"start":{"line":123,"column":3},"end":{"line":123,"column":75}},"50":{"start":{"line":124,"column":3},"end":{"line":124,"column":78}},"51":{"start":{"line":128,"column":1},"end":{"line":136,"column":4}},"52":{"start":{"line":129,"column":2},"end":{"line":135,"column":5}},"53":{"start":{"line":130,"column":3},"end":{"line":132,"column":6}},"54":{"start":{"line":134,"column":3},"end":{"line":134,"column":44}}},"branchMap":{"1":{"line":94,"type":"binary-expr","locations":[{"start":{"line":94,"column":10},"end":{"line":94,"column":26}},{"start":{"line":94,"column":30},"end":{"line":94,"column":47}}]}}},"/Users/feliperohde/Desktop/workspace/smallorange-light-store/index.js":{"path":"/Users/feliperohde/Desktop/workspace/smallorange-light-store/index.js","s":{"1":1,"2":1,"3":1,"4":1,"5":1,"6":0,"7":0,"8":0,"9":0,"10":0,"11":0,"12":0,"13":0,"14":0},"b":{"1":[0,0],"2":[0,0],"3":[0,0]},"f":{"1":0,"2":0,"3":0},"fnMap":{"1":{"name":"(anonymous_1)","line":7,"loc":{"start":{"line":7,"column":12},"end":{"line":7,"column":25}}},"2":{"name":"(anonymous_2)","line":13,"loc":{"start":{"line":13,"column":9},"end":{"line":13,"column":48}}},"3":{"name":"(anonymous_3)","line":26,"loc":{"start":{"line":26,"column":9},"end":{"line":26,"column":12}}}},"statementMap":{"1":{"start":{"line":1,"column":0},"end":{"line":1,"column":40}},"2":{"start":{"line":2,"column":0},"end":{"line":2,"column":38}},"3":{"start":{"line":3,"column":0},"end":{"line":3,"column":44}},"4":{"start":{"line":4,"column":0},"end":{"line":4,"column":35}},"5":{"start":{"line":6,"column":0},"end":{"line":29,"column":1}},"6":{"start":{"line":8,"column":2},"end":{"line":8,"column":10}},"7":{"start":{"line":10,"column":2},"end":{"line":10,"column":21}},"8":{"start":{"line":14,"column":2},"end":{"line":21,"column":3}},"9":{"start":{"line":15,"column":3},"end":{"line":17,"column":4}},"10":{"start":{"line":16,"column":4},"end":{"line":16,"column":44}},"11":{"start":{"line":19,"column":3},"end":{"line":19,"column":64}},"12":{"start":{"line":20,"column":3},"end":{"line":20,"column":36}},"13":{"start":{"line":23,"column":2},"end":{"line":23,"column":20}},"14":{"start":{"line":27,"column":2},"end":{"line":27,"column":20}}},"branchMap":{"1":{"line":14,"type":"if","locations":[{"start":{"line":14,"column":2},"end":{"line":14,"column":2}},{"start":{"line":14,"column":2},"end":{"line":14,"column":2}}]},"2":{"line":15,"type":"if","locations":[{"start":{"line":15,"column":3},"end":{"line":15,"column":3}},{"start":{"line":15,"column":3},"end":{"line":15,"column":3}}]},"3":{"line":19,"type":"cond-expr","locations":[{"start":{"line":19,"column":28},"end":{"line":19,"column":32}},{"start":{"line":19,"column":35},"end":{"line":19,"column":63}}]}}},"/Users/feliperohde/Desktop/workspace/smallorange-light-store/Events.js":{"path":"/Users/feliperohde/Desktop/workspace/smallorange-light-store/Events.js","s":{"1":1,"2":1,"3":1,"4":1,"5":1,"6":0,"7":0,"8":0,"9":0,"10":0,"11":0,"12":0,"13":0,"14":0,"15":0,"16":0,"17":0,"18":0,"19":0,"20":0,"21":0,"22":0,"23":0,"24":0,"25":0,"26":0,"27":0,"28":0,"29":0,"30":0,"31":0,"32":0,"33":0},"b":{"1":[0,0],"2":[0,0],"3":[0,0],"4":[0,0],"5":[0,0],"6":[0,0],"7":[0,0],"8":[0,0,0],"9":[0,0],"10":[0,0],"11":[0,0],"12":[0,0],"13":[0,0],"14":[0,0]},"f":{"1":0,"2":0,"3":0,"4":0,"5":0,"6":0},"fnMap":{"1":{"name":"(anonymous_1)","line":7,"loc":{"start":{"line":7,"column":12},"end":{"line":7,"column":15}}},"2":{"name":"(anonymous_2)","line":11,"loc":{"start":{"line":11,"column":8},"end":{"line":11,"column":11}}},"3":{"name":"(anonymous_3)","line":15,"loc":{"start":{"line":15,"column":10},"end":{"line":15,"column":45}}},"4":{"name":"(anonymous_4)","line":41,"loc":{"start":{"line":41,"column":14},"end":{"line":41,"column":35}}},"5":{"name":"(anonymous_5)","line":45,"loc":{"start":{"line":45,"column":12},"end":{"line":45,"column":33}}},"6":{"name":"(anonymous_6)","line":59,"loc":{"start":{"line":59,"column":8},"end":{"line":59,"column":22}}}},"statementMap":{"1":{"start":{"line":1,"column":0},"end":{"line":1,"column":40}},"2":{"start":{"line":2,"column":0},"end":{"line":2,"column":42}},"3":{"start":{"line":3,"column":0},"end":{"line":3,"column":48}},"4":{"start":{"line":4,"column":0},"end":{"line":4,"column":44}},"5":{"start":{"line":6,"column":0},"end":{"line":72,"column":1}},"6":{"start":{"line":8,"column":2},"end":{"line":8,"column":17}},"7":{"start":{"line":12,"column":2},"end":{"line":12,"column":19}},"8":{"start":{"line":16,"column":2},"end":{"line":18,"column":3}},"9":{"start":{"line":17,"column":3},"end":{"line":17,"column":49}},"10":{"start":{"line":20,"column":2},"end":{"line":22,"column":3}},"11":{"start":{"line":21,"column":3},"end":{"line":21,"column":35}},"12":{"start":{"line":24,"column":2},"end":{"line":26,"column":3}},"13":{"start":{"line":25,"column":3},"end":{"line":25,"column":21}},"14":{"start":{"line":28,"column":2},"end":{"line":30,"column":3}},"15":{"start":{"line":29,"column":3},"end":{"line":29,"column":25}},"16":{"start":{"line":32,"column":2},"end":{"line":34,"column":3}},"17":{"start":{"line":33,"column":3},"end":{"line":33,"column":19}},"18":{"start":{"line":36,"column":2},"end":{"line":36,"column":21}},"19":{"start":{"line":38,"column":2},"end":{"line":38,"column":52}},"20":{"start":{"line":38,"column":15},"end":{"line":38,"column":51}},"21":{"start":{"line":42,"column":2},"end":{"line":42,"column":50}},"22":{"start":{"line":46,"column":2},"end":{"line":48,"column":3}},"23":{"start":{"line":47,"column":3},"end":{"line":47,"column":49}},"24":{"start":{"line":50,"column":2},"end":{"line":52,"column":3}},"25":{"start":{"line":51,"column":3},"end":{"line":51,"column":35}},"26":{"start":{"line":54,"column":2},"end":{"line":56,"column":5}},"27":{"start":{"line":55,"column":3},"end":{"line":55,"column":126}},"28":{"start":{"line":60,"column":2},"end":{"line":70,"column":5}},"29":{"start":{"line":61,"column":3},"end":{"line":61,"column":83}},"30":{"start":{"line":63,"column":3},"end":{"line":69,"column":4}},"31":{"start":{"line":64,"column":4},"end":{"line":66,"column":5}},"32":{"start":{"line":65,"column":5},"end":{"line":65,"column":50}},"33":{"start":{"line":68,"column":4},"end":{"line":68,"column":20}}},"branchMap":{"1":{"line":16,"type":"if","locations":[{"start":{"line":16,"column":2},"end":{"line":16,"column":2}},{"start":{"line":16,"column":2},"end":{"line":16,"column":2}}]},"2":{"line":20,"type":"if","locations":[{"start":{"line":20,"column":2},"end":{"line":20,"column":2}},{"start":{"line":20,"column":2},"end":{"line":20,"column":2}}]},"3":{"line":24,"type":"if","locations":[{"start":{"line":24,"column":2},"end":{"line":24,"column":2}},{"start":{"line":24,"column":2},"end":{"line":24,"column":2}}]},"4":{"line":28,"type":"if","locations":[{"start":{"line":28,"column":2},"end":{"line":28,"column":2}},{"start":{"line":28,"column":2},"end":{"line":28,"column":2}}]},"5":{"line":32,"type":"if","locations":[{"start":{"line":32,"column":2},"end":{"line":32,"column":2}},{"start":{"line":32,"column":2},"end":{"line":32,"column":2}}]},"6":{"line":46,"type":"if","locations":[{"start":{"line":46,"column":2},"end":{"line":46,"column":2}},{"start":{"line":46,"column":2},"end":{"line":46,"column":2}}]},"7":{"line":50,"type":"if","locations":[{"start":{"line":50,"column":2},"end":{"line":50,"column":2}},{"start":{"line":50,"column":2},"end":{"line":50,"column":2}}]},"8":{"line":55,"type":"binary-expr","locations":[{"start":{"line":55,"column":11},"end":{"line":55,"column":47}},{"start":{"line":55,"column":53},"end":{"line":55,"column":95}},{"start":{"line":55,"column":101},"end":{"line":55,"column":124}}]},"9":{"line":55,"type":"cond-expr","locations":[{"start":{"line":55,"column":19},"end":{"line":55,"column":39}},{"start":{"line":55,"column":42},"end":{"line":55,"column":47}}]},"10":{"line":55,"type":"cond-expr","locations":[{"start":{"line":55,"column":63},"end":{"line":55,"column":87}},{"start":{"line":55,"column":90},"end":{"line":55,"column":95}}]},"11":{"line":55,"type":"cond-expr","locations":[{"start":{"line":55,"column":106},"end":{"line":55,"column":116}},{"start":{"line":55,"column":119},"end":{"line":55,"column":124}}]},"12":{"line":61,"type":"cond-expr","locations":[{"start":{"line":61,"column":35},"end":{"line":61,"column":74}},{"start":{"line":61,"column":78},"end":{"line":61,"column":82}}]},"13":{"line":63,"type":"if","locations":[{"start":{"line":63,"column":3},"end":{"line":63,"column":3}},{"start":{"line":63,"column":3},"end":{"line":63,"column":3}}]},"14":{"line":64,"type":"if","locations":[{"start":{"line":64,"column":4},"end":{"line":64,"column":4}},{"start":{"line":64,"column":4},"end":{"line":64,"column":4}}]}}}}